<?xml version="1.0" encoding="UTF-8"?>
<!-- Generated by org.testng.reporters.JUnitReportReporter -->
<testsuite hostname="Mithuns-MacBook-Air-2.local" failures="0" tests="1" name="stepDef.testNG_Pizzaflow" time="55.593" errors="0" timestamp="29 Jan 2023 10:13:44 GMT" skipped="0">
  <testcase classname="stepDef.testNG_Pizzaflow" name="pizzaAddItemToBasketFlow" time="55.593"/>
</testsuite> <!-- stepDef.testNG_Pizzaflow -->
